Source Code/DrivingTutorApp/app/build/intermediates/manifest_merge_blame_file/debug/manifest-merger-blame-debug-report.txt
1<?xml version="1.0" encoding="utf-8"?>
2<manifest xmlns:android="http://schemas.android.com/apk/res/android"
3    package="com.example.drivingtutorapp"
4    android:versionCode="1"
5    android:versionName="1.0" >
6
7    <uses-sdk
8        android:minSdkVersion="15"
8-->src\main\AndroidManifest.xml
9        android:targetSdkVersion="29" />
9-->src\main\AndroidManifest.xml
10
11    <application
11-->src\main\AndroidManifest.xml:6:5-36:19
12        android:allowBackup="true"
12-->src\main\AndroidManifest.xml:7:9-35
13        android:appComponentFactory="androidx.core.app.CoreComponentFactory"
13-->[androidx.core:core:1.1.0] AndroidManifest.xml:24:18-86
14        android:debuggable="true"
15        android:fullBackupContent="true"
15-->src\main\AndroidManifest.xml:8:9-41
16        android:icon="@mipmap/ic_launcher"
16-->src\main\AndroidManifest.xml:9:9-43
17        android:label="Driving Tutor"
17-->src\main\AndroidManifest.xml:10:9-38
18        android:roundIcon="@mipmap/ic_launcher_round"
18-->src\main\AndroidManifest.xml:11:9-54
19        android:supportsRtl="true"
19-->src\main\AndroidManifest.xml:12:9-35
20        android:testOnly="true"
21        android:theme="@style/AppTheme" >
21-->src\main\AndroidManifest.xml:13:9-40
22        <activity android:name="com.example.drivingtutorapp.LearnFunction4" />
22-->src\main\AndroidManifest.xml:16:9-61
22-->src\main\AndroidManifest.xml:16:19-49
23        <activity android:name="com.example.drivingtutorapp.LearnFunction3" />
23-->src\main\AndroidManifest.xml:17:9-52
23-->src\main\AndroidManifest.xml:17:19-49
24        <activity android:name="com.example.drivingtutorapp.LearnFunction2" />
24-->src\main\AndroidManifest.xml:18:9-52
24-->src\main\AndroidManifest.xml:18:19-49
25        <activity android:name="com.example.drivingtutorapp.LearnFunction" />
25-->src\main\AndroidManifest.xml:19:9-51
25-->src\main\AndroidManifest.xml:19:19-48
26        <activity android:name="com.example.drivingtutorapp.QuizContract" />
26-->src\main\AndroidManifest.xml:20:9-50
26-->src\main\AndroidManifest.xml:20:19-47
27        <activity android:name="com.example.drivingtutorapp.Database" />
27-->src\main\AndroidManifest.xml:21:9-46
27-->src\main\AndroidManifest.xml:21:19-43
28        <activity android:name="com.example.drivingtutorapp.MainActivity" >
28-->src\main\AndroidManifest.xml:22:9-28:20
28-->src\main\AndroidManifest.xml:22:19-47
29            <intent-filter>
29-->src\main\AndroidManifest.xml:23:13-27:29
30                <action android:name="android.intent.action.MAIN" />
30-->src\main\AndroidManifest.xml:24:17-69
30-->src\main\AndroidManifest.xml:24:25-66
31
32                <category android:name="android.intent.category.LAUNCHER" />
32-->src\main\AndroidManifest.xml:26:17-77
32-->src\main\AndroidManifest.xml:26:27-74
33            </intent-filter>
34        </activity>
35        <activity android:name="com.example.drivingtutorapp.MainPractice" />
35-->src\main\AndroidManifest.xml:29:9-50
35-->src\main\AndroidManifest.xml:29:19-47
36        <activity android:name="com.example.drivingtutorapp.PracticeQuizActivity" />
36-->src\main\AndroidManifest.xml:30:9-58
36-->src\main\AndroidManifest.xml:30:19-55
37        <activity android:name="com.example.drivingtutorapp.MainQuiz" />
37-->src\main\AndroidManifest.xml:31:9-46
37-->src\main\AndroidManifest.xml:31:19-43
38        <activity android:name="com.example.drivingtutorapp.RyclerViewMain" />
38-->src\main\AndroidManifest.xml:32:9-52
38-->src\main\AndroidManifest.xml:32:19-49
39        <activity android:name="com.example.drivingtutorapp.Manuals" />
39-->src\main\AndroidManifest.xml:33:9-45
39-->src\main\AndroidManifest.xml:33:19-42
40        <activity android:name="com.example.drivingtutorapp.QuizActivity" />
40-->src\main\AndroidManifest.xml:34:9-49
40-->src\main\AndroidManifest.xml:34:19-47
41
42        <provider
42-->[androidx.lifecycle:lifecycle-process:2.1.0] AndroidManifest.xml:23:9-27:43
43            android:name="androidx.lifecycle.ProcessLifecycleOwnerInitializer"
43-->[androidx.lifecycle:lifecycle-process:2.1.0] AndroidManifest.xml:24:13-79
44            android:authorities="com.example.drivingtutorapp.lifecycle-process"
44-->[androidx.lifecycle:lifecycle-process:2.1.0] AndroidManifest.xml:25:13-69
45            android:exported="false"
45-->[androidx.lifecycle:lifecycle-process:2.1.0] AndroidManifest.xml:26:13-37
46            android:multiprocess="true" />
46-->[androidx.lifecycle:lifecycle-process:2.1.0] AndroidManifest.xml:27:13-40
47    </application>
48
49</manifest>